*** Using Compiler 'V5.06 update 6 (build 750)', folder: 'D:\development\Keil_v5\ARM\ARMCC\Bin'
Rebuild target 'Target1'
assembling handlers.s...
assembling vectors.s...
compiling dma.c...
compiling APPLICATION_MODE_TEST.C...
compiling rf_xvr_24.c...
..\..\Src\driver\rf\rf_xvr_24.c(322): warning:  #61-D: integer operation result is out of range
      addXVR_Reg0x24 |= (1<<31);
..\..\Src\driver\rf\rf_xvr_24.c(322): warning:  #68-D: integer conversion resulted in a change of sign
      addXVR_Reg0x24 |= (1<<31);
..\..\Src\driver\rf\rf_xvr_24.c(384): warning:  #61-D: integer operation result is out of range
      addXVR_Reg0x24 &= ~(1<<31);
..\..\Src\driver\rf\rf_xvr_24.c: 3 warnings, 0 errors
compiling driver_timer.c...
compiling app_gyroscope.c...
app\src\app_gyroscope.c(13): error:  #5: cannot open source input file "data_filter.h": No such file or directory
  #include "data_filter.h"
app\src\app_gyroscope.c: 0 warnings, 1 error
compiling APPLICATION_MODE_NORMAL.c...
compiling main.c...
compiling app.c...
compiling flash.c...
compiling usb.c...
compiling gpio.c...
compiling driver_sensor.c...
compiling wdt.c...
compiling driver_usb.c...
compiling usbclass.c...
compiling usb_desc.c...
compiling spi.c...
compiling application_rf.c...
compiling aes.c...
compiling app_key.c...
compiling aon_rtc.c...
compiling adc.c...
compiling uart2.c...
compiling user_handle.c...
compiling icu.c...
compiling i2c.c...
compiling application_mode_page.c...
compiling application_mode_PCBA.c...
compiling intc.c...
compiling driver_rf.c...
compiling application_main.c...
compiling uart.c...
".\obj\bk3633_app.axf" - 1 Error(s), 3 Warning(s).
Target not created.
Build Time Elapsed:  00:00:02
