*** Using Compiler 'V5.06 update 6 (build 750)', folder: 'C:\Users\ThinkPad\AppData\Local\Keil_v5\ARM\ARMCC\Bin'
Rebuild target 'Target1'
assembling handlers.s...
assembling vectors.s...
compiling app_key.c...
compiling app.c...
compiling aes.c...
compiling main.c...
compiling user_handle.c...
compiling app_gyroscope.c...
app\src\app_gyroscope.c(466): warning:  #550-D: variable "yaw"  was set but never used
  static float yaw = 0;
app\src\app_gyroscope.c(467): warning:  #550-D: variable "pitch"  was set but never used
  static float pitch = 0;
app\src\app_gyroscope.c(468): warning:  #550-D: variable "roll"  was set but never used
  static float roll = 0;
app\src\app_gyroscope.c: 3 warnings, 0 errors
compiling rf_xvr_24.c...
..\..\Src\driver\rf\rf_xvr_24.c(322): warning:  #61-D: integer operation result is out of range
      addXVR_Reg0x24 |= (1<<31);
..\..\Src\driver\rf\rf_xvr_24.c(322): warning:  #68-D: integer conversion resulted in a change of sign
      addXVR_Reg0x24 |= (1<<31);
..\..\Src\driver\rf\rf_xvr_24.c(384): warning:  #61-D: integer operation result is out of range
      addXVR_Reg0x24 &= ~(1<<31);
..\..\Src\driver\rf\rf_xvr_24.c: 3 warnings, 0 errors
compiling intc.c...
compiling flash.c...
compiling gpio.c...
compiling spi.c...
compiling wdt.c...
compiling adc.c...
compiling uart2.c...
compiling dma.c...
compiling uart.c...
compiling driver_sensor.c...
compiling i2c.c...
compiling driver_timer.c...
compiling icu.c...
compiling aon_rtc.c...
compiling application_main.c...
compiling application_rf.c...
compiling application_mode_page.c...
compiling APPLICATION_MODE_NORMAL.c...
compiling application_mode_PCBA.c...
compiling driver_usb.c...
compiling APPLICATION_MODE_TEST.C...
compiling usb_desc.c...
compiling usbclass.c...
compiling driver_rf.c...
compiling usb.c...
linking...
Program Size: Code=39508 RO-data=1760 RW-data=736 ZI-data=37592  
After Build - User command #1: fromelf --bin --output .\output\app\bk3633_app.bin .\obj\bk3633_app.axf
After Build - User command #2: .\output\translate.bat

d:\Projects\mouse\RTX\SDK\projects\TX>.\output\BinConvert  -oad .\output\boot\bk3633_boot.bin  .\output\stack\bk3633_stack.bin  .\output\app\bk3633_app.bin -m 0x7800 -l 0x7900 -v 0x0026 -rom_v 0x0014 -e 00000000 00000000 00000000 00000000 
cmd_bin_oad.stack_file_addr :0x7800
binary version hex:0x26; dec:38

Arm Image Binary will be converted to OAD format binary file.....
cmd_bin_oad.stack_file_addr=7800
boot_bin_len=2fcc
add stack bin start
        Encrypt Seccessfully!
        File Size: 0x12f9c

oad_stack_app_bin_len=b100
oad_app_bin_len=aff0
a7 37 04 0c 26 00 fc 2b 42 42 42 42 ff ff 14 00 /**< @CREATE_FILE_SUCCESS */
/**< @Download flash file:.\output\app\bk3633_app_merge_crc.bin
/**< @OAD file :.\output\app\bk3633_app_stack_oad.bin,CRC = 0x282fe8cf
/**< @OAD file :.\output\app\bk3633_app_oad.bin,CRC = 0x0c0437a7
/**< @author <gang.cheng@bekencorp.com> */
/**< @version v0.3 */

d:\Projects\mouse\RTX\SDK\projects\TX>del .\output\app\bk3633_app_merge_boot_stack.out 

d:\Projects\mouse\RTX\SDK\projects\TX>del .\output\app\bk3633_app_stack_oad.bin 
".\obj\bk3633_app.axf" - 0 Error(s), 6 Warning(s).
Build Time Elapsed:  00:00:02
