*** Using Compiler 'V5.06 update 6 (build 750)', folder: 'C:\Users\ThinkPad\AppData\Local\Keil_v5\ARM\ARMCC\Bin'
Rebuild target 'Target1'
compiling app_key.c...
assembling vectors.s...
assembling handlers.s...
compiling app.c...
compiling aes.c...
compiling intc.c...
compiling user_handle.c...
compiling main.c...
app\src\main.c(238): warning:  #223-D: function "Kalman_four_buff_filter" declared implicitly
      Kalman_four_buff_filter(pre_accx);
app\src\main.c(245): warning:  #223-D: function "Kalman_filter_arg" declared implicitly
      pre_accx[5] =Kalman_filter_arg(pre_accx[4],pre_accx[5],30);
app\src\main.c(248): warning:  #223-D: function "Kalman_axis_limit" declared implicitly
      M =Kalman_axis_limit(pre_gyroy[5],anglex);
app\src\main.c(260): warning:  #223-D: function "Kalman_filter_Hk" declared implicitly
      i = Kalman_filter_Hk(Rx);
app\src\main.c(262): warning:  #223-D: function "Kalman_filter_get_angle" declared implicitly
      anglex_acc = Kalman_filter_get_angle(pre_accx[5], pre_accz[5], M); //<<8; //x
app\src\main.c(267): warning:  #223-D: function "angle_line_arg" declared implicitly
      angle_line_arg(gyro, anglex);
app\src\main.c(271): warning:  #159-D: declaration is incompatible with previous "Kalman_four_buff_filter"  (declared at line 238)
  void Kalman_four_buff_filter(int16_t *acc)
app\src\main.c(284): warning:  #159-D: declaration is incompatible with previous "Kalman_filter_arg"  (declared at line 245)
  int16_t Kalman_filter_arg(int16_t gy_ang,int16_t acc_ang,uint8_t Hk)
app\src\main.c(304): warning:  #159-D: declaration is incompatible with previous "Kalman_axis_limit"  (declared at line 248)
  int16_t Kalman_axis_limit(int16_t gy,int16_t angle)
app\src\main.c(315): warning:  #159-D: declaration is incompatible with previous "Kalman_filter_Hk"  (declared at line 260)
  uint8_t Kalman_filter_Hk(uint16_t r)
app\src\main.c(323): warning:  #223-D: function "arg_bit16_to_bit8" declared implicitly
      Hk = anglex_cov / arg_bit16_to_bit8(r); // Hk
app\src\main.c(347): warning:  #159-D: declaration is incompatible with previous "arg_bit16_to_bit8"  (declared at line 323)
  uint8_t arg_bit16_to_bit8(uint16_t buff)
app\src\main.c(357): warning:  #159-D: declaration is incompatible with previous "Kalman_filter_get_angle"  (declared at line 262)
  int8_t Kalman_filter_get_angle(int16_t X, int16_t Y, int16_t limit)
app\src\main.c(366): warning:  #223-D: function "angle_get_arg" declared implicitly
      i = angle_get_arg(trig_x);
app\src\main.c(431): warning:  #159-D: declaration is incompatible with previous "angle_get_arg"  (declared at line 366)
  uint8_t angle_get_arg(uint16_t *angle)
app\src\main.c(481): warning:  #159-D: declaration is incompatible with previous "angle_line_arg"  (declared at line 267)
   void angle_line_arg(int16_t *gyro, int16_t angx)
app\src\main.c(489): warning:  #167-D: argument of type "int16_t *" is incompatible with parameter of type "uint16_t *"
       m = angle_get_arg(trig_x);
app\src\main.c: 17 warnings, 0 errors
compiling gpio.c...
compiling flash.c...
compiling rf_xvr_24.c...
..\..\Src\driver\rf\rf_xvr_24.c(322): warning:  #61-D: integer operation result is out of range
      addXVR_Reg0x24 |= (1<<31);
..\..\Src\driver\rf\rf_xvr_24.c(322): warning:  #68-D: integer conversion resulted in a change of sign
      addXVR_Reg0x24 |= (1<<31);
..\..\Src\driver\rf\rf_xvr_24.c(384): warning:  #61-D: integer operation result is out of range
      addXVR_Reg0x24 &= ~(1<<31);
..\..\Src\driver\rf\rf_xvr_24.c: 3 warnings, 0 errors
compiling spi.c...
compiling wdt.c...
compiling adc.c...
compiling uart2.c...
compiling icu.c...
compiling dma.c...
compiling aon_rtc.c...
compiling uart.c...
compiling driver_sensor.c...
compiling driver_timer.c...
compiling i2c.c...
compiling application_main.c...
compiling application_mode_page.c...
compiling application_mode_PCBA.c...
compiling APPLICATION_MODE_TEST.C...
compiling APPLICATION_MODE_NORMAL.c...
compiling application_rf.c...
compiling driver_rf.c...
compiling driver_usb.c...
compiling usb_desc.c...
compiling usbclass.c...
compiling usb.c...
linking...
Program Size: Code=33484 RO-data=680 RW-data=520 ZI-data=37204  
After Build - User command #1: fromelf --bin --output .\output\app\bk3633_app.bin .\obj\bk3633_app.axf
After Build - User command #2: .\output\translate.bat

d:\Projects\mouse\RTX\SDK\projects\TX>.\output\BinConvert  -oad .\output\boot\bk3633_boot.bin  .\output\stack\bk3633_stack.bin  .\output\app\bk3633_app.bin -m 0x7800 -l 0x7900 -v 0x0026 -rom_v 0x0014 -e 00000000 00000000 00000000 00000000 
cmd_bin_oad.stack_file_addr :0x7800
binary version hex:0x26; dec:38

Arm Image Binary will be converted to OAD format binary file.....
cmd_bin_oad.stack_file_addr=7800
boot_bin_len=2fcc
add stack bin start
        Encrypt Seccessfully!
        File Size: 0x11132

oad_stack_app_bin_len=9200
oad_app_bin_len=90f0
b4 c1 40 8e 26 00 3c 24 42 42 42 42 ff ff 14 00 /**< @CREATE_FILE_SUCCESS */
/**< @Download flash file:.\output\app\bk3633_app_merge_crc.bin
/**< @OAD file :.\output\app\bk3633_app_stack_oad.bin,CRC = 0xa6a4a744
/**< @OAD file :.\output\app\bk3633_app_oad.bin,CRC = 0x8e40c1b4
/**< @author <gang.cheng@bekencorp.com> */
/**< @version v0.3 */

d:\Projects\mouse\RTX\SDK\projects\TX>del .\output\app\bk3633_app_merge_boot_stack.out 

d:\Projects\mouse\RTX\SDK\projects\TX>del .\output\app\bk3633_app_stack_oad.bin 
".\obj\bk3633_app.axf" - 0 Error(s), 20 Warning(s).
Build Time Elapsed:  00:00:03
