C51 COMPILER V9.01   KEYS                                                                  04/09/2020 16:23:07 PAGE 1   


C51 COMPILER V9.01, COMPILATION OF MODULE KEYS
OBJECT MODULE PLACED IN .\obj\keys.obj
COMPILER INVOKED BY: C:\Keil\C51\BIN\C51.EXE MCU\keys.c OPTIMIZE(9,SPEED) BROWSE NOAREGS INCDIR(.;.\mcu;.\mcu\usb) DEBUG
                    - OBJECTEXTEND PRINT(.\obj\keys.lst) TABS(2) OBJECT(.\obj\keys.obj)

line level    source

   1          #include "includes.h"
   2          #include "char.h"
   3          #include "multimedia.h"
   4          #include "utils.h"
   5          #include <math.h>
   6          
   7          
   8          XDATA UINT8 key_array[KEY_COL_NUM];
   9          
  10          XDATA UINT8 up_power000=0,up_power_cun=0;
  11          extern BYTE BK2401_FIFO_data[10];
  12          
  13          
  14          CODE UINT8 keyboard_table_07[KEY_COL_NUM][8]=   //for 07 PAGE
  15          {
  16            {char_Esc,0x00,0x00,0x00,0x00,0x00,0x00,0x00},
  17            {0x00,0x00,0x00,0x00,0x00,0x00,0x00,0x00},
  18            {0x00,0x00,0x00,0x00,0x00,0x00,0x00,0x00},
  19            {0x00,0x00,0x00,0x00,0x00,0x00,0x00,0x00},
  20            {0x00,0x00,0x00,0x00,0x00,0x00,0x00,0x00},
  21          
  22            {0x00,0x00,0x00,0x00,0x00,0x00,0x00,0x00},
  23            {0x00,0x00,0x00,0x00,0x00,0x00,0x00,0x00},
  24            {0x00,0x00,0x00,0x00,0x00,0x00,0x00,0x00},
  25            {0x00,0x00,0x00,0x00,0x00,0x00,0x00,0x00},
  26            {0x00,0x00,0x00,0x00,0x00,0x00,0x00,0x00},
  27          
  28            {0x00,0x00,0x00,0x00,0x00,0x00,0x00,0x00},
  29            {0x00,0x00,0x00,0x00,0x00,0x00,0x00,0x00},
  30            {0x00,0x00,0x00,0x00,0x00,0x00,0x00,0x00},
  31            {0x00,0x00,0x00,0x00,0x00,0x00,0x00,0x00},
  32            {0x00,0x00,0x00,0x00,0x00,0x00,0x00,0x00},
  33          };
  34          
  35          //-----------------------------------------------------------
  36          CODE UINT16 keyboard_table_0c[KEY_COL_NUM][8]=    //for multimedia,0c page
  37          {
  38            {0x0000,0x0000,0x0000,0x0000,0x0000,0x0000,0x0000,0x0000},
  39            {AC_Home,0x0000,0x0000,0x0000,0x0000,0x0000,0x0000,0x0000},
  40            {0x0000,0x0000,0x0000,0x0000,0x0000,0x0000,0x0000,0x0000},
  41            {0x0000,0x0000,0x0000,0x0000,0x0000,0x0000,0x0000,0x0000},
  42            {0x0000,0x0000,0x0000,0x0000,0x0000,0x0000,0x0000,0x0000},
  43          
  44            {0x0000,0x0000,0x0000,0x0000,0x0000,0x0000,0x0000,0x0000},
  45            {0x0000,0x0000,0x0000,0x0000,0x0000,0x0000,0x0000,0x0000},
  46            {0x0000,0x0000,0x0000,0x0000,0x0000,0x0000,0x0000,0x0000},
  47            {0x0000,0x0000,0x0000,0x0000,0x0000,0x0000,0x0000,0x0000},
  48            {0x0000,0x0000,0x0000,0x0000,0x0000,0x0000,0x0000,0x0000},
  49          
  50            {0x0000,0x0000,0x0000,0x0000,0x0000,0x0000,0x0000,0x0000},
  51            {0x0000,0x0000,0x0000,0x0000,0x0000,0x0000,0x0000,0x0000},
  52            {0x0000,0x0000,0x0000,0x0000,0x0000,0x0000,0x0000,0x0000},
  53            {0x0000,0x0000,0x0000,0x0000,0x0000,0x0000,0x0000,0x0000},
  54            {0x0000,0x0000,0x0000,0x0000,0x0000,0x0000,0x0000,0x0000},
C51 COMPILER V9.01   KEYS                                                                  04/09/2020 16:23:07 PAGE 2   

  55          };
  56          
  57          #ifndef gyroscope_en
  58          CODE UINT16 angle_Tab1[46] =  //4gmax  8bit  1=31.25mg 
  59            {
  60             8192,        //90
  61               8187,        //88°
  62               8172,        //86°
  63               8147,        //84°
  64               8113,        //82°
  65               8067,        //80°
  66               8013,        //78°
  67               7949,        //76°
  68               
  69               7875,     //74°
  70             7791,     //72°
  71             7698,     //70°
  72             7596,     //68°
  73             7483,     //66°
  74             7363,     //64°
  75             7233,     //62°
  76             7094,     //60°
  77             
  78             6947,     //58°    
  79             6791,     //56°
  80             6627,     //54°
  81             6455,     //52
  82             6275,     //50°
  83             6087,     //48°
  84             5893,     //46°
  85             5691,     //44°
  86             
  87             5481,    //42°    
  88             5266,    //40°
  89             5044,    //38°
  90             4815,    //36°
  91             4581,    //34°
  92             4341,    //32°
  93             4096,    //30°
  94             3946,    //28°
  95             
  96             3591,    //26°    
  97             3332,    //24°
  98             3069,    //22°
  99             2802,    //20°
 100             2531,    //18°
 101             2258,      //16°
 102             1982,    //14°
 103             1703,      //12°
 104             
 105             1422,    //10°    
 106             1140,    //8°
 107             856,   //6°
 108             572,   //4°
 109             286,   //2°
 110             0        //0°
 111            };
 112          
 113          XDATA short GYRO_OFFSET[3];
 114          XDATA char DPI_DATA=0;
 115          XDATA UINT8 KET_DALY=0;
 116          
C51 COMPILER V9.01   KEYS                                                                  04/09/2020 16:23:07 PAGE 3   

 117          #endif
 118          
 119          
 120          void read_keys_pin(void) 
 121          {
 122   1        memset(key_array, 0, sizeof(key_array));
 123   1      
 124   1          key_array[0]  |= P00 ? 0 : 0x01;    //esc
 125   1          key_array[1]  |= P01 ? 0 : 0x01;    //ac_home
 126   1      
 127   1      //    key_array[14] |= P02 ? 0 : 0x20;  //mouse left key
 128   1      
 129   1        key_array[14] |= P11 ? 0 : 0x10;    //mouse x
 130   1        key_array[14] |= P03 ? 0 : 0x80;    //mouse y
 131   1      }
 132          
 133          
 134          unsigned char is_keydown(void)
 135          {
 136   1        unsigned char i, res=0;
 137   1        for(i=0; i<LENGTH(key_array); i++) {
 138   2          res |= key_array[i];
 139   2        }
 140   1        return res;
 141   1      }
 142          
 143          void wait_all_key_release(void)
 144          {
 145   1        while(1) {
 146   2          delay_ms(10);
 147   2          read_keys_pin();
 148   2          if (!is_keydown())
 149   2            break;
 150   2        }
 151   1      }
 152          
 153          
 154          
 155          void mouse_proc(void)
 156          {
 157   1        memset(system.mouse, 0, sizeof(system.mouse));
 158   1        
 159   1        if (KEY_LMOUSE) {
 160   2          system.mouse[0] |= 0x01;  
 161   2        }
 162   1        if (KEY_RMOUSE) {
 163   2          system.mouse[0] |= 0x02;  
 164   2        }
 165   1      //  if (KEY_MMOUSE) {
 166   1      //    system.mouse[0] |= 0x04;  
 167   1      //  }
 168   1        
 169   1        if (key_array[14] & 0x40) {   //x
 170   2          system.mouse[0]  |= 0x01;
 171   2        }
 172   1        if (key_array[14] & 0x80) {   //y
 173   2          system.mouse[2] = 5;
 174   2        }
 175   1      }
 176          
 177          //-----------------------------------------------------------
 178          void key_proc(void)
C51 COMPILER V9.01   KEYS                                                                  04/09/2020 16:23:07 PAGE 4   

 179          {
 180   1        unsigned char i,j, key_ct;
 181   1      
 182   1        memset(system.keyboard, 0, sizeof(system.keyboard));
 183   1        memset(system.multimedia, 0, sizeof(system.multimedia));
 184   1      
 185   1        last_func_keys = func_keys;
 186   1        func_keys = 0x00;
 187   1        
 188   1        read_keys_pin();
 189   1      //  printf("key - %bx, %bx\r\n", key_array[0], key_array[1]);
 190   1        ghost_key_flag = 0;
 191   1        for(i=0;i<LENGTH(key_array)-1;i++) {
 192   2          if(calc_1_nr(key_array[i]) > 1) { 
 193   3            for(j=i+1;j<LENGTH(key_array)-1;j++) {
 194   4              if(calc_1_nr(key_array[j]) > 1) {
 195   5                if (calc_1_nr(key_array[i]|key_array[j]) < (calc_1_nr(key_array[i]) + calc_1_nr(key_array[j]))) {
 196   6                  ghost_key_flag = 1; 
 197   6                  return;
 198   6                }
 199   5              }
 200   4            }
 201   3          }
 202   2        }
 203   1      
 204   1        //-----------------------------------------------------------
 205   1        key_ct = 1;
 206   1        for(i=0;i<KEY_COL_NUM;i++) {
 207   2          unsigned char tmp = key_array[i];
 208   2          if(key_array[i]) {
 209   3            for(j=0;j<8;j++) {
 210   4              if(tmp & 0x01) {
 211   5                system.multimedia[0] = (system.multimedia[0] & 0xf0) | (keyboard_table_0c[i][j]>>8) & 0x0f;
 212   5                system.multimedia[1] = keyboard_table_0c[i][j] & 0xff;
 213   5                system.keyboard[key_ct++] = keyboard_table_07[i][j];
 214   5      //          key_pressed_flag = 1;
 215   5                if(key_ct>6) {
 216   6                  goto decode_keys_end;
 217   6                }
 218   5              }
 219   4              tmp >>= 1;
 220   4            }
 221   3          }
 222   2        }
 223   1      decode_keys_end:;
 224   1        if (KEY_POWER) {
 225   2          system.multimedia[0] |= 0x10; 
 226   2        }
 227   1        if (KEY_SLEEP) {
 228   2          system.multimedia[0] |= 0x20; 
 229   2        }
 230   1        if (KEY_WAKEUP) {
 231   2          system.multimedia[0] |= 0x40; 
 232   2        }
 233   1      
 234   1        if (KEY_LCTRL) {
 235   2          system.keyboard[0] |= 0x01; 
 236   2        }
 237   1        if (KEY_LSHIFT) {
 238   2          system.keyboard[0] |= 0x02; 
 239   2        }
 240   1        if (KEY_LALT) {
C51 COMPILER V9.01   KEYS                                                                  04/09/2020 16:23:07 PAGE 5   

 241   2          system.keyboard[0] |= 0x04; 
 242   2        }
 243   1        if (KEY_LWIN) {
 244   2          system.keyboard[0] |= 0x08; 
 245   2        }
 246   1        if (KEY_RCTRL) {
 247   2          system.keyboard[0] |= 0x10; 
 248   2        }
 249   1        if (KEY_RSHIFT) {
 250   2          system.keyboard[0] |= 0x20; 
 251   2        }
 252   1        if (KEY_RALT) {
 253   2          system.keyboard[0] |= 0x40; 
 254   2        }
 255   1        if (KEY_RWIN) {
 256   2          system.keyboard[0] |= 0x80; 
 257   2        }
 258   1      
 259   1      
 260   1      //  if(KEY_VOLP)        //vol+
 261   1      //    func_keys |= 0x04;
 262   1      //  if(KEY_VOLM)        //vol-
 263   1      //    func_keys |= 0x08;
 264   1        
 265   1      //  if(KEY_OK) {        //OK
 266   1      //    func_keys |= 0x20;
 267   1      //  }
 268   1          
 269   1      //  if((func_keys==0x22 ) && (last_func_keys != 0x22))// && search_mode)
 270   1      //  {
 271   1      //    printf("fc_mode^=1\r\n");
 272   1      //
 273   1      //    fc_mode ^= 1;
 274   1      //    sleep_ct = 0;
 275   1      //    fc_mode_ct = 0;
 276   1      //    last_func_keys = func_keys; //very important,need update key status
 277   1      //    if(fc_mode) {
 278   1      //      while(!TF0);
 279   1      //      TF0 = 0;
 280   1      //      TL0 = us2tcnt(7800)%256;
 281   1      //      TH0 = us2tcnt(7800)/256;    //7.8ms
 282   1      //
 283   1      //      CE_LOW();
 284   1      //      rf_clrint();
 285   1      //      set_rf_constant_address();
 286   1      //      BK2401_RFCH   = 80;
 287   1      //      BK2401_STATUS = 0x70;
 288   1      //      SwitchToRxMode();
 289   1      //      FLUSH_RX;
 290   1      //      CE_HIGH();
 291   1      //    }else {
 292   1      //      CE_LOW();
 293   1      //      set_rf_5byte_address(0);
 294   1      //      BK2401_RFCH   = rf_channel;
 295   1      //      SwitchToTxMode();
 296   1      //    }
 297   1      //  }
 298   1      }
 299          #ifndef gyroscope_en
 300          
 301          UINT8 BMI160_Init(void)
 302          {
C51 COMPILER V9.01   KEYS                                                                  04/09/2020 16:23:07 PAGE 6   

 303   1         UINT8 id;
 304   1        
 305   1          SMBus_rece(1,0,&id); 
 306   1        if (id!=0xd1)
 307   1        {
 308   2          return 0;
 309   2        }
 310   1        
 311   1        SMBus_tran(0x40,0x29);
 312   1        SMBus_tran(0x41,0x05);
 313   1        SMBus_tran(0x42,0x29);
 314   1        SMBus_tran(0x43,0x00);
 315   1        
 316   1        SMBus_tran(0x7e,0x11);
 317   1        SMBus_tran(0x7e,0x15);
 318   1        SMBus_rece(1,3,&id);
 319   1        if(id==0x14)
 320   1          return 1;
 321   1        else
 322   1        return 0;
 323   1      }
 324          UINT8 BMI160_Sleep(void)
 325          {
 326   1      //  SMBus_tran(0x03,0x20);
 327   1        SMBus_tran(0x7e,0x10);      //这里两个命令就是控制加速器和陀螺仪的休眠
 328   1        SMBus_tran(0x7e,0x14);
 329   1      }
*** WARNING C173 IN LINE 329 OF MCU\KEYS.C: missing return-expression
 330          
 331          void gyroscope_MOSE(void)
 332          {
 333   1      
 334   1        XDATA UINT8 i,BMI160_data_iic[14];
 335   1        XDATA short acc_FIFO[3],gyro_FIFO[3];
 336   1        XDATA UINT16 BMI160_data;
 337   1      //  XDATA INT32 BMI160_data000;
 338   1        XDATA  char a[2];
 339   1        
 340   1        //P2IN_EN &= ~0x18;        //output
 341   1          //P2OUT_EN &= ~0x18;        //output
 342   1        //SCL_O=1;
 343   1        //SDA_O=1;
 344   1        
 345   1        if(up_power000)
 346   1          {
 347   2          if(BMI160_Init()==1)
 348   2          {
 349   3            up_power000=0;  
 350   3          }
 351   2          return;
 352   2          }
 353   1          else
 354   1          {
 355   2            
 356   2          SMBus_rece(12, 0X0C,BMI160_data_iic);
 357   2          }
 358   1        BMI160_data=BMI160_data_iic[1];
 359   1        BMI160_data=(BMI160_data<<8)+BMI160_data_iic[0];
 360   1        gyro_FIFO[0]=BMI160_data;
 361   1        
 362   1        BMI160_data=BMI160_data_iic[3];
 363   1        BMI160_data=(BMI160_data<<8)+BMI160_data_iic[2];
C51 COMPILER V9.01   KEYS                                                                  04/09/2020 16:23:07 PAGE 7   

 364   1        gyro_FIFO[1]=BMI160_data;
 365   1        BMI160_data=BMI160_data_iic[5];
 366   1        BMI160_data=(BMI160_data<<8)+BMI160_data_iic[4];
 367   1        gyro_FIFO[2]=BMI160_data;
 368   1      
 369   1        BMI160_data=BMI160_data_iic[7];
 370   1        BMI160_data=(BMI160_data<<8)+BMI160_data_iic[6];
 371   1        acc_FIFO[0]=BMI160_data;
 372   1        BMI160_data=BMI160_data_iic[9];
 373   1        BMI160_data=(BMI160_data<<8)+BMI160_data_iic[8];
 374   1        acc_FIFO[1]=BMI160_data;
 375   1        BMI160_data=BMI160_data_iic[11];
 376   1        BMI160_data=(BMI160_data<<8)+BMI160_data_iic[10];
 377   1        acc_FIFO[2]=BMI160_data;
 378   1      //    gyro_FIFO[0]=0;
 379   1      //    gyro_FIFO[1]=0;
 380   1      //  gyro_FIFO[2]=0;
 381   1      //  acc_FIFO[0]=0;
 382   1      //  acc_FIFO[1]=0;
 383   1      //  acc_FIFO[2]=0x2000;
 384   1              //printf("%5d,%5d,%5d,%5d,%5d,%5d\r\n", gyro_FIFO[0],gyro_FIFO[1],gyro_FIFO[2],acc_FIFO[0],acc_FIF
             -O[1],acc_FIFO[2]);
 385   1        gyro_read_defult(gyro_FIFO);
 386   1          //printf("%5d,%5d,%5d\r\n", gyro_FIFO[0],gyro_FIFO[1],gyro_FIFO[2]);
 387   1        Kalman_filter(acc_FIFO,gyro_FIFO);
 388   1          //printf("%5d,%5d,%5d\r\n", gyro_FIFO[0],gyro_FIFO[1],gyro_FIFO[2]);
 389   1          
 390   1          
 391   1        for(i=0;i<2;i++)
 392   1        {
 393   2          tolerance_sub(&gyro_FIFO[i]);
 394   2          gyro_div(&gyro_FIFO[i],DPI_DATA);
 395   2        } 
 396   1          
 397   1          //printf("%5bd,%5bd,%5d,%5d\r\n", a[0],a[1],gyro_FIFO[0],gyro_FIFO[1]);
 398   1        touch_filter_sub(gyro_FIFO);   //一阶低通滤波
 399   1        a[0]=gyro_FIFO[0];
 400   1        a[1]=gyro_FIFO[1];
 401   1          
 402   1        if(a[0]||a[1])
 403   1        {
 404   2          a[1]=-a[1];
 405   2          //printf("%5d,%5d  00\r\n", a[0],a[1]);
 406   2          //system.mouse[1]=0xff;//a[1];x
 407   2          //system.mouse[2]=0;//y
 408   2          
 409   2          system.mouse[1]=a[1];//a[1];x
 410   2          system.mouse[2]=a[0];//y
 411   2          /*
 412   2          bt_tx_buff[tx_buff_head][0]=0xa1;
 413   2          bt_tx_buff[tx_buff_head][1]=0x02;
 414   2          bt_tx_buff[tx_buff_head][2]= MOUSE_KKEY;
 415   2          bt_tx_buff[tx_buff_head][3]=a[1];
 416   2          bt_tx_buff[tx_buff_head][4]=a[0];
 417   2            bt_tx_buff[tx_buff_head][5]=0;
 418   2          bt_tx_buff[tx_buff_head][5]=0;
 419   2          tx_buff_len[tx_buff_head]=7;
 420   2          tx_buff_head++;
 421   2          tx_buff_count++;
 422   2          tx_buff_head=tx_buff_head%SEND_BUFFER_CNT;
 423   2          */
 424   2        }
C51 COMPILER V9.01   KEYS                                                                  04/09/2020 16:23:07 PAGE 8   

 425   1      }
 426          
 427          
 428          void gyro_read_defult(short *FIFO)
 429          {
 430   1      
 431   1       static XDATA short gyro_defult[3]={0,0,0};
 432   1       static XDATA UINT8  Len;
 433   1       XDATA UINT8 i=0;
 434   1       XDATA short a;
 435   1      
 436   1         while(i<3)
 437   1         {
 438   2          a = FIFO[i]-gyro_defult[i];
 439   2          i++;
 440   2        a =abs(a);
 441   2          if(a>0x001a)
 442   2          {
 443   3           Len =0;
 444   3           gyro_defult[0] = FIFO[0];
 445   3           gyro_defult[1] = FIFO[1];
 446   3           gyro_defult[2] = FIFO[2];
 447   3           break;                                    //跳出循环
 448   3          }
 449   2         }
 450   1         Len++;
 451   1         if(Len>0x80)
 452   1         {
 453   2        Len =0;
 454   2          for(i=0;i<3;i++)
 455   2            {
 456   3             GYRO_OFFSET[i]=(gyro_defult[i]+FIFO[i])>>1;
 457   3             FIFO[i] =0;
 458   3           //gy_off_set=1;
 459   3            }
 460   2         }
 461   1         else for(i=0; i<3; i++)
 462   1              {
 463   2               a=FIFO[i];
 464   2               FIFO[i] = FIFO[i]-GYRO_OFFSET[i];
 465   2           //a1=abs(FIFO[i]);
 466   2          //if(FIFO[i]<5)
 467   2          // FIFO[i]=0;
 468   2          //FIFO[i]=FIFO[i]/0x1a;
 469   2           if((FIFO[i]^a)&0x8000)  //方向改变
 470   2            {
 471   3             
 472   3             if(abs(a)>0x0400)
 473   3            {
 474   4             if(a&0x8000)
 475   4              FIFO[i] =0x8000;
 476   4             else FIFO[i] =0x7FFF;
 477   4            }
 478   3            }
 479   2          
 480   2              }
 481   1      }
 482          
 483          void Kalman_filter( short *acc, short *gyro)
 484          {
 485   1       static XDATA short  anglex,pre_accx[6],pre_accz[6],pre_gyrox[6],pre_gyroy[6],pre_gyroz[6];
 486   1       //bit flag=0;
C51 COMPILER V9.01   KEYS                                                                  04/09/2020 16:23:07 PAGE 9   

 487   1       XDATA UINT8 i;
 488   1       XDATA short M,anglex_acc;
 489   1       XDATA UINT16 Rx;
 490   1       
 491   1        for(i=0;i<5;i++)
 492   1          {
 493   2           pre_accx[i]=pre_accx[i+1];
 494   2         pre_accz[i]=pre_accz[i+1];
 495   2         pre_gyrox[i]=pre_gyrox[i+1];
 496   2         pre_gyroy[i]=pre_gyroy[i+1];
 497   2         pre_gyroz[i]=pre_gyroz[i+1];
 498   2          }
 499   1        pre_accx[5] =acc[0];
 500   1        pre_accz[5] =acc[2];
 501   1        pre_gyrox[5]=gyro[0];
 502   1        pre_gyroy[5]=gyro[1];
 503   1        pre_gyroz[5]=gyro[2];
 504   1       //printf("%5d,%5d,%5d\r\n", pre_gyrox[5],pre_gyroy[5],pre_gyroz[5]);
 505   1        Kalman_four_buff_filter(pre_accx);
 506   1        pre_accx[5] =Kalman_filter_arg(pre_accx[4],pre_accx[5],30);
 507   1        Kalman_four_buff_filter(pre_accz);
 508   1        pre_accz[5] =Kalman_filter_arg(pre_accz[4],pre_accz[5],30);
 509   1        Kalman_four_buff_filter(pre_gyrox);
 510   1        Kalman_four_buff_filter(pre_gyroy);
 511   1        Kalman_four_buff_filter(pre_gyroz);
 512   1        //printf("%5d,%5d,%5d\r\n", pre_gyrox[5],pre_gyroy[5],pre_gyroz[5]);
 513   1        M =Kalman_axis_limit(pre_gyroy[5],anglex);
 514   1      
 515   1       Rx =abs(pre_gyrox[5])>>5;
 516   1       Rx +=abs(pre_gyroy[5])>>5;
 517   1       Rx+=abs(pre_gyroz[5])>>5;
 518   1       
 519   1       if(Rx/256)
 520   1        Rx =0xff;
 521   1       else
 522   1        Rx &=0x00ff;
 523   1       Rx=Rx*Rx;
 524   1      
 525   1       i =Kalman_filter_Hk(Rx);
 526   1        
 527   1       anglex_acc =Kalman_filter_get_angle(pre_accx[5],pre_accz[5],M);//<<8; //x
 528   1       anglex_acc*=256;
 529   1       //printf("%5d,%5d,%5d,%5d\r\n", pre_accx[5],pre_accz[5],M,pre_gyroy[5]);
 530   1       anglex =Kalman_filter_arg(M,anglex_acc,i);
 531   1       //printf("%5d,%5d,%5d\r\n", pre_accx[5],pre_accz[5],anglex);
 532   1      
 533   1      
 534   1       angle_line_arg(gyro,anglex);
 535   1       //printf("%5d,%5d\r\n", gyro[0],gyro[1]);
 536   1      }
 537          
 538          void Kalman_four_buff_filter(short *acc)
 539          {
 540   1       XDATA INT32 sum;
 541   1       sum =acc[0];
 542   1       sum +=acc[1];
 543   1       sum +=acc[2];
 544   1       sum +=acc[3];
 545   1       sum +=acc[4];
 546   1       sum +=acc[5];
 547   1       //sum +=acc[6];
 548   1       //sum +=acc[7];
C51 COMPILER V9.01   KEYS                                                                  04/09/2020 16:23:07 PAGE 10  

 549   1       sum =sum/6;
 550   1       //acc[5] =((short *)&sum);
 551   1       acc[5] =sum;
 552   1      }
 553          short Kalman_filter_arg(short gy_ang,short acc_ang,UINT8 Hk)
 554          {
 555   1        XDATA UINT8 flag1;
 556   1       
 557   1       acc_ang -=gy_ang; //acc的矫正量，用一个系数判断矫正量的可信度    //Yk-(Xk-1 +Uk)
 558   1       if(acc_ang&0x8000)
 559   1        {
 560   2         acc_ang =-acc_ang;
 561   2           flag1 =1;
 562   2        }
 563   1       else flag1 =0;
 564   1      
 565   1       //acc_ang =mul8_16(Hk,acc_ang);//表示八位乘以16位
 566   1         acc_ang=acc_ang/(256/Hk);
 567   1       if(flag1)
 568   1        acc_ang =-acc_ang;
 569   1      
 570   1       return gy_ang +acc_ang;   //求出角度值 这里乘法是无符号乘法
 571   1      }
 572          short Kalman_axis_limit(short gy,short angle)
 573          {
 574   1      /*-------------------------------------------------------------- 
 575   1       2000°=0x80*8ms  则陀螺仪实际移动角度=2000°/(0x80*125)*x=x*1/8
 576   1       而angle关系为0x40=90°  1°=0x40/90°  带入得x*1/8*0x40/90° 
 577   1       x/11.25为对应角度值
 578   1       --------------------------------------------------------------*/
 579   1       
 580   1       gy =gy/11;
 581   1       return angle+gy;   //最佳估计值 X(k-1) +Uk 
 582   1      }
 583          UINT8 Kalman_filter_Hk(UINT16 r)
 584          {
 585   1       static XDATA UINT8 anglex_cov=10;
 586   1       static XDATA UINT8 pre_Hk=0xff;
 587   1       XDATA UINT8 Hk;
 588   1      
 589   1       anglex_cov =anglex_cov+0x05; 
 590   1       r +=anglex_cov;
 591   1       Hk =anglex_cov/arg_bit16_to_bit8(r);       //Hk
 592   1       
 593   1       anglex_cov =arg_bit16_to_bit8((256-Hk)*anglex_cov);
 594   1       if(Hk>pre_Hk)   //Hk能直接取最小值，但要线性增大
 595   1        {
 596   2         pre_Hk +=12;
 597   2         Hk =pre_Hk;
 598   2        }
 599   1       else pre_Hk=Hk;
 600   1      
 601   1        if(Hk<40)
 602   1         Hk=2;
 603   1        else Hk=40;
 604   1        
 605   1       return Hk;
 606   1      }
 607          UINT8 arg_bit16_to_bit8(UINT16 buff)
 608          {
 609   1        cyp val;
 610   1       
C51 COMPILER V9.01   KEYS                                                                  04/09/2020 16:23:07 PAGE 11  

 611   1        val.INT_data =buff;
 612   1        if(val.CHAR_data[1]&0x80)
 613   1         val.CHAR_data[0]++;
 614   1        return val.CHAR_data[0];
 615   1      }
 616          
 617          char Kalman_filter_get_angle(short X,short Y,short limit)
 618          {
 619   1       XDATA UINT8 flag1,flag2,flag3;
 620   1       XDATA char i;
 621   1       XDATA short P;
 622   1       XDATA short trig_x[2]; 
 623   1       XDATA short A;
 624   1       
 625   1       trig_x[0] =limit;
 626   1       i =angle_get_arg(trig_x);
 627   1      if(trig_x[1]<5793)
 628   1      // if(trig_x[1]<11586)   //45°5793
 629   1           flag3 =0;
 630   1       else
 631   1         flag3 =1;
 632   1       flag1 =0;
 633   1       flag2 =0;
 634   1       if(Y&0x8000)
 635   1        {
 636   2         flag2=1;
 637   2         Y =-Y;
 638   2        }
 639   1       //当分量值大于0x20要做反向补偿，否则不能实现正态分布
 640   1      
 641   1       if(X&0x8000)
 642   1       {
 643   2          X=-X;
 644   2          if(X<8192)//0xe0~0x00  -8192
 645   2          {
 646   3          flag1 =1;
 647   3          }
 648   2         else if(X<16384)//0xc0~0xe0  -16384
 649   2          {
 650   3          flag1 =1;
 651   3          flag2 =~flag2;
 652   3          X=0x4000-X;
 653   3          }
 654   2       }
 655   1       else
 656   1       {
 657   2         if(X>0x2000)//0x20~0x40
 658   2          {
 659   3          flag2 =~flag2;
 660   3            X =0x4000-X;
 661   3          }
 662   2       }
 663   1       if(!flag3)
 664   1        A=X;
 665   1       else A=Y;
 666   1       
 667   1      
 668   1        for(i=0;i<46;i++)
 669   1         {
 670   2          if(A>=angle_Tab1[i])  //余弦    夹角为与重力线夹角
 671   2            break;
 672   2         }
C51 COMPILER V9.01   KEYS                                                                  04/09/2020 16:23:07 PAGE 12  

 673   1       if(flag3)    //求出角度   0~0x40  90°范围
 674   1        i =45-i;   //0~45 46个数
 675   1      
 676   1       A =i*64;
 677   1      
 678   1      // i=div16_8(A,45);
 679   1         i=A/45;
 680   1      
 681   1       if(flag1)
 682   1        i =0x80-i;  //0x40~0x80  90°<A<180°
 683   1        P=i;
 684   1       if(flag2)
 685   1        P =-P;
 686   1          i=P;
 687   1       //bk3231_printf( "par0000 %d,%d,%d,%d,%d,%d\r\n",flag1,flag2,flag3,i,limit,P);
 688   1       return i;
 689   1       
 690   1      }
 691          
 692          UINT8 angle_get_arg(short  *angle)
 693          {
 694   1       XDATA UINT8 i,flag=0;
 695   1       XDATA UINT16 A;
 696   1       if(angle[0]&0x8000)  //这里都是按与重力线夹角计算
 697   1        {
 698   2         angle[0] =-angle[0];
 699   2         if(angle[0]>0x4000)
 700   2          {
 701   3           angle[0] =0x8000-angle[0];
 702   3           flag |=0x04;
 703   3          }
 704   2         else flag |=0x08;
 705   2        }
 706   1       else 
 707   1        {
 708   2         if(angle[0]>0x4000)
 709   2          {
 710   3           angle[0] =0x8000-angle[0];
 711   3           flag |=0x02;
 712   3          }
 713   2         else flag |=0x01;
 714   2        }
 715   1       //angle[0]=0x1000;
 716   1      
 717   1       A =arg_bit16_to_bit8(angle[0])*45;
 718   1       A =A>>6;
 719   1       i=A;
 720   1       angle[0]=angle_Tab1[45-i]; //sin@
 721   1       angle[1]=angle_Tab1[i]; //cos@
 722   1       //printf("%5d,%5d,%5d    11\r\n", angle[0],angle[1],A);
 723   1       return flag;
 724   1      }
 725          UINT16 mul13_16 (unsigned int NUM1, unsigned int NUM2)
 726          { 
 727   1         UINT16 buf;
 728   1         
 729   1         MD1 = (NUM1 & 0xff00) >> 8;
 730   1         MD0 =  NUM1 & 0x00ff;
 731   1         
 732   1         MD5 = (NUM2 & 0xff00) >> 8;
 733   1         MD4 =  NUM2 & 0x00ff;   
 734   1         
C51 COMPILER V9.01   KEYS                                                                  04/09/2020 16:23:07 PAGE 13  

 735   1         MDCTL = 0x40;
 736   1         printf("%5bx\r\n", MDCTL);
 737   1         //while ( !(MDCTL & 0x20) )     // wait done
 738   1          {
 739   2          printf("%5bx\r\n", MDCTL);
 740   2         }
 741   1         
 742   1         buf =MD3<<8;
 743   1         buf |=MD2;
 744   1         buf <<=4;
 745   1         buf |=MD1>>4;
 746   1         if(MD1&0x08)
 747   1           buf ++;
 748   1         return buf;
 749   1       }
 750          
 751          void angle_line_arg(short*gyro,short angx)
 752          {   //仰角计算Z轴 到坐标平面的投影 Z*cos@
 753   1       
 754   1       XDATA short trig_x[2];
 755   1       UINT8 m, flag=0;
 756   1       XDATA INT32 B_word1,B_word2,B_word3,B_word4,B_word5;
 757   1       
 758   1       trig_x[0] =angx;
 759   1       m =angle_get_arg(trig_x);
 760   1      
 761   1       m=_swap_(m);
 762   1       
 763   1       m &=0xf0;                    //x象限高四位 y低四位
 764   1      // printf("%5d,%5d,%5d,%5d,%5x\r\n", trig_x[0],trig_x[1],gyro[0],gyro[1],flag);
 765   1      
 766   1       flag ^=0x08;      //X = xsinA+z sin(90+A)=xsinA+z cosA 
 767   1      
 768   1      
 769   1      // printf("%5bx\r\n", flag);
 770   1      // printf("%5x\r\n", m);                 
 771   1       if(m&0x10)                   //用flag 低四位表示 公式中的正负号
 772   1          flag ^=0x00;   //1象限
 773   1       if(m&0x20)
 774   1        flag ^=0x06;   //2象限
 775   1       if(m&0x40)
 776   1        flag ^=0x0f;   //3象限
 777   1       if(m&0x80)
 778   1        flag ^=0x09;   //4象限
 779   1       if(gyro[2]&0x8000) 
 780   1        {
 781   2         flag ^=0x05;
 782   2         gyro[2] =-gyro[2];
 783   2          }
 784   1       if(gyro[0]&0x8000)
 785   1        {
 786   2         flag ^=0x0a;
 787   2         gyro[0] =-gyro[0];
 788   2        }
 789   1      
 790   1         B_word4 = trig_x[0];
 791   1         B_word5 = gyro[2];
 792   1         B_word1=B_word4*B_word5;
 793   1         //p=mul13_16(trig_x[0],gyro[2]);
 794   1         B_word1 = B_word1/4096;
 795   1        
 796   1        
C51 COMPILER V9.01   KEYS                                                                  04/09/2020 16:23:07 PAGE 14  

 797   1       if(flag&0x01) B_word1 =-B_word1;
 798   1      
 799   1       B_word4 = trig_x[1];
 800   1       B_word5 = gyro[0];
 801   1       
 802   1       B_word2 =B_word4*B_word5;
 803   1       B_word2 =B_word2/4096;
 804   1       if(flag&0x02) B_word2 =-B_word2;
 805   1       B_word3=B_word1+B_word2;
 806   1       // p=B_word3;
 807   1        //printf("%5d,%5d,%5d,%5d,%5d,%bx\r\n",gyro[0],gyro[2],trig_x[0],trig_x[1],p,flag);
 808   1       if(B_word3&0x80000000)
 809   1       {
 810   2          B_word3= -B_word3;
 811   2        if(B_word3>0x3f00)
 812   2           gyro[1]=0xc100;
 813   2        else
 814   2         gyro[1] =B_word1+B_word2;
 815   2       }
 816   1       else
 817   1       {
 818   2          if(B_word3>0x3F00)
 819   2           gyro[1]=0x3F00;
 820   2        else
 821   2         gyro[1] =B_word1+B_word2;
 822   2        
 823   2       }
 824   1      
 825   1      //x
 826   1      
 827   1       //B_word1=trig_x[1]*gyro[2]/4096;
 828   1       B_word4=trig_x[1];
 829   1       B_word5 =gyro[2];
 830   1      // B_word1=(int)trig_x[1]*(int)gyro[2];
 831   1       B_word1=B_word5*B_word4;
 832   1       B_word1 =B_word1/4096;
 833   1       if(flag&0x04) B_word1 =-B_word1;
 834   1      
 835   1       B_word4=trig_x[0];
 836   1       B_word5 =gyro[0];
 837   1      // B_word2=(int)trig_x[0]*(int)gyro[0];
 838   1       B_word2=B_word5*B_word4;
 839   1       B_word2=  B_word2/4096;
 840   1       if(flag&0x08) B_word2 =-B_word2;
 841   1      
 842   1       B_word3=B_word1+B_word2;
 843   1       
 844   1       if(B_word3&0x80000000)
 845   1       {
 846   2          B_word3= -B_word3;
 847   2        if(B_word3>0x3f00)
 848   2           gyro[0]=0xc100;
 849   2        else
 850   2         gyro[0] =B_word1+B_word2;
 851   2       }
 852   1       else
 853   1       {
 854   2          if(B_word3>0x3F00)
 855   2           gyro[0]=0x3F00;
 856   2        else
 857   2         gyro[0] =B_word1+B_word2;
 858   2       }
C51 COMPILER V9.01   KEYS                                                                  04/09/2020 16:23:07 PAGE 15  

 859   1      // gyro[0] =B_word1+B_word2;//y
 860   1      
 861   1      //printf("%5d,%5d,%5d,%5d,%5bx\r\n",gyro[0],gyro[1],trig_x[0],trig_x[1],flag);
 862   1      
 863   1      }
 864          
 865          //-------------------------------------------------------
 866          //Func  : _swap_
 867          //Desc  : 高低字节交换
 868          //Input :
 869          //Output: 
 870          //Return: 
 871          //Author: Owen  
 872          //Date  : 2013/07/05
 873          //-------------------------------------------------------
 874          UINT8 _swap_(UINT8 a)
 875          {
 876   1        XDATA UINT8 ACC0;
 877   1        ACC0=a;
 878   1        ACC0 <<=4;
 879   1        ACC0=ACC0+(a>>4);
 880   1        return ACC0;
 881   1      }
 882          void tolerance_sub(short *p)
 883          {
 884   1         XDATA short a;
 885   1          a = abs(*p);
 886   1          if(a>0x10)
 887   1               a -=0x10;
 888   1          else a=0;
 889   1          if(*p & 0x8000)
 890   1               *p = (~a)+1;
 891   1          else *p = a;
 892   1      }
 893          void gyro_div(short*p, char dpi)
 894          {
 895   1      
 896   1       XDATA char i;
 897   1       XDATA short m;
 898   1       m=*p>>1;
 899   1       if(*p&0x8000)
 900   1       {
 901   2        *p = -*p;
 902   2        *p <<=1;
 903   2        *p = -*p; 
 904   2       }
 905   1       else
 906   1       *p <<=1;          //默认放大1.5倍
 907   1       if(dpi>0)
 908   1        {
 909   2         if(dpi>5)
 910   2           dpi=5;
 911   2         for(i=0;i<dpi;i++)
 912   2           *p +=m;
 913   2        }
 914   1       else if(dpi&0x80)
 915   1        {
 916   2         dpi =-dpi;
 917   2         if(dpi>4)
 918   2           dpi=4;
 919   2         for(i=0;i<dpi;i++)
 920   2           {
C51 COMPILER V9.01   KEYS                                                                  04/09/2020 16:23:07 PAGE 16  

 921   3          if(i>1)
 922   3           *p =*p>>1;
 923   3          else
 924   3           *p=*p-m;
 925   3         }
 926   2        }
 927   1      }
 928          
 929          void touch_filter_sub(short *FIFO)
 930          {
 931   1       static XDATA short gyro_pre_FIFO[2];
 932   1       static XDATA UINT8 gyro_coe[2],gyro_ct[2],gy_use_x,gy_use_y;
 933   1       XDATA UINT8 i;
 934   1      
 935   1       if(FIFO[0]||FIFO[1])
 936   1        {
 937   2          gy_use_x =first_order_filter(&FIFO[0],&gyro_pre_FIFO[0],gy_use_x,&gyro_coe[0],&gyro_ct[0]);
 938   2          gy_use_y =first_order_filter(&FIFO[1],&gyro_pre_FIFO[1],gy_use_y,&gyro_coe[1],&gyro_ct[1]);
 939   2        //gy_use_z =first_order_filter(&FIFO[2],&gyro_pre_FIFO[2],gy_use_x,&gyro_coe[2],&gyro_ct[2]);
 940   2        }
 941   1       else
 942   1        {
 943   2         i=0;
 944   2           do{
 945   3          gyro_pre_FIFO[i] =0;
 946   3          gyro_ct[i] =0;
 947   3          gyro_coe[i] =80;//FITITER_COE_Min;
 948   3          i++;
 949   3          }while(i<2);
 950   2        }
 951   1      
 952   1      }
 953          UINT8 first_order_filter(short *now, short *old,UINT8 flag, UINT8 *coe, UINT8 *count)
 954          {
 955   1       XDATA UINT8 m;
 956   1       XDATA short data0;
 957   1      
 958   1        if(*now ==0)   //本次为0或者前后两次异号
 959   1        {
 960   2           *count =0;
 961   2         *coe =80;//FITITER_COE_Min;
 962   2         *old =0;
 963   2         return 1;
 964   2        }
 965   1       data0=*now-*old;
 966   1       m=1;
 967   1      if(data0 & 0x8000) m =0;
 968   1       if(m==flag)
 969   1         {
 970   2        *count +=data0/1024;
 971   2        *count +=1;
 972   2          if(*count>8)
 973   2            {
 974   3             *count=0;
 975   3             *coe +=8;
 976   3             if(*coe>180)//FITITER_COE_Max)
 977   3              *coe =180;//FITITER_COE_Max;
 978   3            }
 979   2         }
 980   1        else {
 981   2              *count=0;                 //方向改变 计数器清0，系数取最小
 982   2              *coe =80;//FITITER_COE_Min;
C51 COMPILER V9.01   KEYS                                                                  04/09/2020 16:23:07 PAGE 17  

 983   2             }
 984   1       // printf("%5bd, 22\r\n",*coe);
 985   1      
 986   1        data0=data0/256;
 987   1       *old +=*coe * data0;
 988   1       *now =*old/256;
 989   1       //printf("%5d, 22\r\n",*now);
 990   1        if(m) return  1;
 991   1        else  return  0; 
 992   1      }
 993          
 994          
 995          #endif
 996          
 997          //-------------------------------------------------------
 998          //Func  : I2C总线发送
 999          //Desc  : 
1000          //Input :
1001          //Output: 
1002          //Return: 
1003          //Author: Owen  
1004          //Date  : 2013/07/29
1005          //-------------------------------------------------------
1006          bit SMBus_tran(BYTE p, BYTE dat)
1007          {
1008   1        P2IN_EN |= 0x18;  //input
1009   1        P2OUT_EN |= 0x18;
1010   1        if(!SDA_I || !SCL_I)
1011   1          return FAILURE;
1012   1        P2IN_EN &= ~0x18;        //output
1013   1        P2OUT_EN &= ~0x18;
1014   1        SDA_O =0;
1015   1        if(I2C_TX(0xd0)==FALSE)
1016   1        return FAILURE;
1017   1          if(I2C_TX(p)==FALSE)
1018   1        return FAILURE;
1019   1        if(I2C_TX(dat)==FALSE)
1020   1        return FAILURE; 
1021   1        P2IN_EN &= ~0x18;        //output
1022   1        P2OUT_EN &= ~0x18;       //output
1023   1        SCL_O =0;
1024   1        delay_us(2);
1025   1        SDA_O =0;
1026   1        delay_us(2);
1027   1        SCL_O =1;
1028   1        delay_us(2);
1029   1        SDA_O =1;
1030   1        return SUCCESS;
1031   1      
1032   1      }
1033          
1034          //-------------------------------------------------------
1035          //Func  : I2C_TX
1036          //Desc  : I2C单BYTE发送
1037          //Input :
1038          //Output: 
1039          //Return: 
1040          //Author: Owen  
1041          //Date  : 2013/05/13
1042          //-------------------------------------------------------
1043          bit I2C_TX(BYTE a)
1044          {
C51 COMPILER V9.01   KEYS                                                                  04/09/2020 16:23:07 PAGE 18  

1045   1      
1046   1        BYTE i=8;
1047   1      
1048   1        P2IN_EN &= ~0x18;        //output
1049   1        P2OUT_EN &= ~0x18;        //output
1050   1        do{
1051   2          SCL_O =0;
1052   2          delay_us(2);
1053   2          if(a&0x80)        
1054   2            SDA_O=1;
1055   2          else   
1056   2            SDA_O=0;
1057   2          SCL_O =1;
1058   2          P2IN_EN |= 0x08;  //input
1059   2          P2OUT_EN |= 0x08;
1060   2          while(!SCL_I);
1061   2            P2IN_EN &= ~0x08;  //output
1062   2            P2OUT_EN &= ~0x08;
1063   2          a <<=1;
1064   2        }while(--i);
1065   1        SCL_O =0;
1066   1        delay_us(2);
1067   1        SDA_O=1;
1068   1        delay_us(2);
1069   1        SCL_O =1;
1070   1        P2IN_EN |= 0x18;  //input
1071   1        P2OUT_EN |= 0x18;
1072   1        delay_us(1);
1073   1        if(SDA_I)
1074   1          return FALSE;
1075   1        else 
1076   1          return TRUE;
1077   1      }
1078          
1079          
1080          //-------------------------------------------------------
1081          //Func  : I2C总线接收
1082          //Desc  : 
1083          //Input :
1084          //Output: 
1085          //Return: 
1086          //Author: Owen  
1087          //Date  : 2013/07/29
1088          //-------------------------------------------------------
1089          bit SMBus_rece(BYTE a, BYTE addr,BYTE *p)
1090          {
1091   1        BYTE i=0;
1092   1         
1093   1        P2IN_EN |= 0x18;  //input
1094   1        P2OUT_EN |= 0x18;  //input
1095   1        if(!SDA_I ||!SCL_I)
1096   1          return FAILURE;
1097   1        P2IN_EN &= ~0x18;        //output
1098   1        P2OUT_EN &= ~0x18;         //output
1099   1        SDA_O =0;
1100   1        if(I2C_TX(0xd0)==FALSE)
1101   1            return FAILURE;
1102   1        if(I2C_TX(addr)==FALSE)
1103   1            return FAILURE;
1104   1        P2IN_EN &= ~0x18;        //output
1105   1        P2OUT_EN &= ~0x18;        //output
1106   1        SCL_O =0;
C51 COMPILER V9.01   KEYS                                                                  04/09/2020 16:23:07 PAGE 19  

1107   1        delay_us(2);
1108   1        SDA_O =0;
1109   1        delay_us(2);
1110   1        SCL_O =1;
1111   1        delay_us(2);
1112   1        SDA_O =1;
1113   1        delay_us(2);
1114   1        
1115   1        P2IN_EN |= 0x18;  //input
1116   1        P2OUT_EN |= 0x18;  //input
1117   1        if(!SDA_I ||!SCL_I)
1118   1          return FAILURE;
1119   1        P2IN_EN &= ~0x18;        //output
1120   1        P2OUT_EN &= ~0x18;         //output
1121   1        SDA_O =0;
1122   1        if(I2C_TX(0xd1)==FALSE)
1123   1            return FAILURE;
1124   1        for(i=0;i<a;i++)
1125   1        {
1126   2            p[i]=I2C_RX();
1127   2          if(i ==(a-1))
1128   2          {
1129   3            SDA_O =1;   //NACK
1130   3            delay_us(2);
1131   3                SCL_O =1;
1132   3          }
1133   2          else{
1134   3            SDA_O =0;
1135   3            delay_us(2);
1136   3                SCL_O =1;     //ACK
1137   3          }
1138   2        }
1139   1        P2IN_EN &= ~0x18;        //output
1140   1        P2OUT_EN &= ~0x18;        //output
1141   1        SCL_O =0;
1142   1        delay_us(2);
1143   1        SDA_O =0;
1144   1        delay_us(2);
1145   1        SCL_O =1;
1146   1        delay_us(2);
1147   1        SDA_O =1;
1148   1        return SUCCESS;
1149   1      }
1150          
1151          //-------------------------------------------------------
1152          //Func  : I2C_RX
1153          //Desc  : I2C单BYTE接收
1154          //Input :
1155          //Output: 
1156          //Return: 
1157          //Author: Owen  
1158          //Date  : 2013/05/13
1159          //-------------------------------------------------------
1160          UINT8 I2C_RX(void)
1161          {
1162   1        BYTE i,ACC11;
1163   1        P2IN_EN &= ~0x18;        //output
1164   1        P2OUT_EN &= ~0x18;         //output
1165   1        SCL_O =0;
1166   1        delay_us(1);
1167   1        SDA_O =1;
1168   1        P2IN_EN |= 0x10;  //input
C51 COMPILER V9.01   KEYS                                                                  04/09/2020 16:23:07 PAGE 20  

1169   1        P2OUT_EN |= 0x10;
1170   1        i =8;
1171   1        do{
1172   2          ACC11 <<=1;
1173   2          SCL_O =1;
1174   2          P2IN_EN |= 0x08;  //input
1175   2          P2OUT_EN |= 0x08;  //input
1176   2          while(!SCL_I);
1177   2          P2IN_EN &= ~0x08;  //output
1178   2          P2OUT_EN &= ~0x08;  //output
1179   2          if(SDA_I) 
1180   2            ACC11 |=0x01;
1181   2          else 
1182   2            ACC11 &=0xfe;
1183   2          SCL_O =0;
1184   2        }while(--i);
1185   1        P2IN_EN &= ~0x18;        //output
1186   1        P2OUT_EN &= ~0x18;        //output
1187   1        return ACC11;
1188   1      }
1189          /*
1190          //-------------------------------------------------------
1191          //Func  : TOUCH_TRAN
1192          //Desc  : DATA发射
1193          //Input :
1194          //Output: 
1195          //Return: 
1196          //Author: Owen  
1197          //Date  : 2013/05/9
1198          //-------------------------------------------------------
1199          void TOUCH_TRAN_IIC(void)
1200          {
1201            BYTE i,array[3];
1202            i = 0;
1203            do
1204            {
1205              array[2] = system.touchpad_mode_set[1];
1206                  array[1] = system.touchpad_mode_set[0];
1207                array[0] = TP_ADDR;
1208              gyr_being = SMBus_tran(array,3);
1209              i++;
1210            }while((gyr_being == FAILURE)&&(i<5));
1211          
1212            #ifdef DEBUG
1213              if(gyr_being == SUCCESS)
1214                   printf("TP write OK!\n");
1215              else printf("TP is err!\n");
1216              #endif
1217          
1218          }
1219          */
1220          
*** WARNING C290 IN LINE 329 OF MCU\KEYS.C: missing return value


MODULE INFORMATION:   STATIC OVERLAYABLE
   CODE SIZE        =   5181    ----
   CONSTANT SIZE    =    459    ----
   XDATA SIZE       =    106      97
   PDATA SIZE       =   ----    ----
   DATA SIZE        =   ----      64
   IDATA SIZE       =   ----    ----
C51 COMPILER V9.01   KEYS                                                                  04/09/2020 16:23:07 PAGE 21  

   BIT SIZE         =   ----    ----
END OF MODULE INFORMATION.


C51 COMPILATION COMPLETE.  2 WARNING(S),  0 ERROR(S)
