C51 COMPILER V9.01   NVR                                                                   04/09/2020 16:23:07 PAGE 1   


C51 COMPILER V9.01, COMPILATION OF MODULE NVR
OBJECT MODULE PLACED IN .\obj\nvr.obj
COMPILER INVOKED BY: C:\Keil\C51\BIN\C51.EXE MCU\nvr.c OPTIMIZE(9,SPEED) BROWSE NOAREGS INCDIR(.;.\mcu;.\mcu\usb) DEBUG 
                    -OBJECTEXTEND PRINT(.\obj\nvr.lst) TABS(2) OBJECT(.\obj\nvr.obj)

line level    source

   1          #include "includes.h"
   2          
   3          
   4          void __mcu_write_flash(uint8 space, uint16 addr, uint8 wr_data)
   5          {
   6   1        if(space == NVR_SPACE) {
   7   2          nvr_wp0 = 0xa5;  // nvr_wp0 = 0x00; write protect
   8   2          nvr_wp1 = 0xc3;
   9   2        }
  10   1      //    MTP_CTL = 0x01;
  11   1        MTP_KEY = 0xa5;
  12   1        MTP_KEY = 0x49;
  13   1        MTP_ADR = addr & 0xff;
  14   1        MTP_ADR_H = (addr >> 8) & 0xff;
  15   1        MTP_DAT = wr_data;
  16   1        MTP_CTL = 0x81 | (space << 1);
  17   1        while(MTP_CTL & 0x80);
  18   1        //nvr_wp0 = 0x00;  // nvr_wp0 = 0x00;
  19   1      }
  20          
  21          uint8 __mcu_read_flash(uint8 space, uint16 addr)
  22          {
  23   1      //  if(space == NVR_SPACE) {
  24   1      //    nvr_wp0 = 0xa5;
  25   1      //    nvr_wp1 = 0xc3;
  26   1      //  }
  27   1      //  MTP_CTL = 0x01;
  28   1          MTP_KEY = 0xa5;             //在上电的第一次读取， 有可能数据是0， 因此要多读一次。
  29   1        MTP_KEY = 0x49;
  30   1        MTP_ADR = addr & 0xff;
  31   1        MTP_ADR_H = (addr >> 8) & 0xff;
  32   1        MTP_CTL = 0x41 | (space << 1);
  33   1        while(MTP_CTL & 0x40);
  34   1      
  35   1          MTP_KEY = 0xa5;
  36   1        MTP_KEY = 0x49;
  37   1        MTP_ADR = addr & 0xff;
  38   1        MTP_ADR_H = (addr >> 8) & 0xff;
  39   1        MTP_CTL = 0x41 | (space << 1);
  40   1        while(MTP_CTL & 0x40);
  41   1        return MTP_DAT;
  42   1      }
  43          
  44          
  45          void __mcu_erase_flash(uint8 space, uint16 addr)
  46          {
  47   1        if(space == NVR_SPACE) {
  48   2          nvr_wp0 = 0xa5;
  49   2          nvr_wp1 = 0xc3;
  50   2        }
  51   1          MTP_CTL = 0x01;
  52   1        MTP_KEY = 0xa5;
  53   1        MTP_KEY = 0x49;
  54   1        MTP_ADR = addr & 0xff;
C51 COMPILER V9.01   NVR                                                                   04/09/2020 16:23:07 PAGE 2   

  55   1        MTP_ADR_H = (addr >> 8) & 0xff;
  56   1        MTP_CTL = 0x21 | (space << 1);
  57   1        while(MTP_CTL & 0x20);
  58   1        //nvr_wp0 = 0x00;  // nvr_wp0 = 0x00;
  59   1      }
  60          
  61          
  62          void mcu_flash_init(void)
  63          {
  64   1        __mcu_read_flash(NVR_SPACE, 0);   //修复上电第一次读数据为0的bug。
  65   1      }


MODULE INFORMATION:   STATIC OVERLAYABLE
   CODE SIZE        =    148    ----
   CONSTANT SIZE    =   ----    ----
   XDATA SIZE       =   ----    ----
   PDATA SIZE       =   ----    ----
   DATA SIZE        =   ----    ----
   IDATA SIZE       =   ----    ----
   BIT SIZE         =   ----    ----
END OF MODULE INFORMATION.


C51 COMPILATION COMPLETE.  0 WARNING(S),  0 ERROR(S)
