C51 COMPILER V9.01   UTILS                                                                 04/09/2020 16:23:06 PAGE 1   


C51 COMPILER V9.01, COMPILATION OF MODULE UTILS
OBJECT MODULE PLACED IN .\obj\utils.obj
COMPILER INVOKED BY: C:\Keil\C51\BIN\C51.EXE MCU\utils.c OPTIMIZE(9,SPEED) BROWSE NOAREGS INCDIR(.;.\mcu;.\mcu\usb) DEBU
                    -G OBJECTEXTEND PRINT(.\obj\utils.lst) TABS(2) OBJECT(.\obj\utils.obj)

line level    source

   1          #include "includes.h"
   2          
   3          
   4          // ??¨¨????¨˛¨şy
   5          unsigned char get_rand(void)
   6          {
   7   1        unsigned char dat,temp=0;
   8   1        RNG_CTRL = 0x80;
   9   1        while (!(RNG_CTRL & 0x80));
  10   1        delay_us(10);
  11   1        dat = RNG_DATA;
  12   1        return dat;
  13   1      }
  14          
  15          
  16          //#define TX_PIN P05
  17          //#define TX_PIN P33
  18          #define TX_PIN P21
  19          //void init_tx_io(void)
  20          //{
  21          //  TX_PIN = 1; 
  22          //  P1IN_EN  = P1IN_EN  | 0x02 ;
  23          //  P1OUT_EN = P1OUT_EN | 0x02 ;
  24          ////  set_io_out(P2, 1);  //tx
  25          //}
  26          
  27          
  28          //char tx_putchar (char dat)      //38400
  29          char putchar (char dat)     //38400
  30          {
  31   1        unsigned char i,_dat = dat;
  32   1        EA =  0;
  33   1      #if SYS_CLOCK==16000000ul
  34   1        TX_PIN =0;
  35   1        __delay_us(19);       //26us
  36   1        for (i=0; i<8; i++) {
  37   2          if (dat & 1)
  38   2            TX_PIN = 1; 
  39   2          else
  40   2            TX_PIN = 0; 
  41   2          dat>>=1;
  42   2          __delay_us(18);
  43   2        }
  44   1        TX_PIN =1;
  45   1        __delay_us(18);
  46   1      #elif SYS_CLOCK==8000000ul
                TX_PIN =0;
                __delay_us(8);        //26us
                _nop_(); _nop_();
                for (i=0; i<8; i++) {
                  if (dat & 1)
                    TX_PIN = 1; 
                  else
                    TX_PIN = 0; 
C51 COMPILER V9.01   UTILS                                                                 04/09/2020 16:23:06 PAGE 2   

                  dat>>=1;
                  __delay_us(7);
                }
                _nop_(); _nop_();
                TX_PIN =1;
                __delay_us(8);
              #elif SYS_CLOCK==4000000ul
                TX_PIN =0;
                __delay_us(3);        //26us
                for (i=0; i<8; i++) {
                  if (dat & 1) {
                    TX_PIN = 1; 
                  }else {
                    TX_PIN = 0; 
                    _nop_();
                    _nop_();
                    _nop_();
                    _nop_();
                  }
                  dat>>=1;
                  __delay_us(2);
                }
                _nop_();
                TX_PIN =1;
                __delay_us(2);
              #elif SYS_CLOCK==2000000ul
                TX_PIN =0;
                for(j=1;j--;){_nop_();_nop_();_nop_();_nop_();_nop_();_nop_();_nop_();_nop_();_nop_();_nop_();}       //26us
                for (i=8; i--;) {
                  //ACC  
                  if (_dat & 1)
                    TX_PIN = 1; 
                  else {
                    TX_PIN = 0; 
                    _nop_(); _nop_(); _nop_();  _nop_();
                  }
                  _dat>>=1;
                  for(j=1;j--;){_nop_();_nop_();_nop_();_nop_();}
                }
                _nop_();_nop_();
                TX_PIN =1;
                for(j=1;j--;){_nop_();_nop_();_nop_();_nop_();_nop_();_nop_();_nop_();_nop_();_nop_();}
              #endif    
  98   1        EA = 1;
  99   1        return dat;
 100   1      }
 101          
 102          /*
 103          //-----------------------------------------------------------
 104          unsigned int crc16(unsigned char *ptr,unsigned char len)        // ptr ÎŞĘýľÝÖ¸ŐëŁ¬len ÎŞĘýľÝł¤¶Č
 105          {
 106            unsigned int i;
 107            unsigned int crc=0xffff;
 108            while(len--)
 109            {
 110              for(i=1; i <= 0x80; i<<=1)
 111              {
 112                if((crc&0x8000)!=0)
 113                {
 114                  crc <<= 1;
 115                  crc ^= 0x8005;
 116                }
C51 COMPILER V9.01   UTILS                                                                 04/09/2020 16:23:06 PAGE 3   

 117                else
 118                  crc <<= 1;
 119                if((*ptr&i) != 0)
 120                  crc ^= 0x8005;
 121              }
 122              ptr++;
 123            }
 124            crc ^= 0xffff;  //Čˇ·´
 125            crc &= 0xffff;  //Ö»ŇŞµÍ16bit
 126            return(crc);
 127          }
 128          
 129          unsigned int crc16_int(unsigned char *ptr,unsigned char len)        // ptr ÎŞĘýľÝÖ¸ŐëŁ¬len ÎŞĘýľÝł¤¶Č
 130          {
 131            unsigned int i;
 132            unsigned int crc=0xffff;
 133            while(len--)
 134            {
 135              for(i=1; i <= 0x80; i<<=1)
 136              {
 137                if((crc&0x8000)!=0)
 138                {
 139                  crc <<= 1;
 140                  crc ^= 0x8005;
 141                }
 142                else
 143                  crc <<= 1;
 144                if((*ptr&i) != 0)
 145                  crc ^= 0x8005;
 146              }
 147              ptr++;
 148            }
 149            crc ^= 0xffff;  //Čˇ·´
 150            crc &= 0xffff;  //Ö»ŇŞµÍ16bit
 151            return(crc);
 152          }
 153          */
 154          /*
 155          // pov (0--up 1--right-up 2--right 3--right-down 4--down 5--left-down 6--left 7--left-up)
 156          unsigned char pin2pov(unsigned char pin)  //up down left right
 157          {
 158            code unsigned char PovTable[] =  {
 159                    //  ; R L D U  
 160              0x0f, //  ; 0 0 0 0  
 161              0x00,   //  ; 0 0 0 1  
 162              0x04,   //  ; 0 0 1 0  
 163              0x0F,   //  ; 0 0 1 1  
 164              0x06,   //  ; 0 1 0 0  
 165              0x07,   //  ; 0 1 0 1 *
 166              0x05,   //  ; 0 1 1 0  
 167              0x0F,   //  ; 0 1 1 1  
 168              0x02,   //  ; 1 0 0 0  
 169              0x01,   //  ; 1 0 0 1  
 170              0x03,   //  ; 1 0 1 0 *
 171              0x0f,   //  ; 1 0 1 1  
 172              0x0f,   //  ; 1 1 0 0  
 173              0x0f,   //  ; 1 1 0 1  
 174              0x0f,   //  ; 1 1 1 0  
 175              0x0f    //  ; 1 1 1 1 *
 176            };
 177            return PovTable[pin]; 
 178          }
C51 COMPILER V9.01   UTILS                                                                 04/09/2020 16:23:06 PAGE 4   

 179          */
 180          ////ĽĆËăŇ»¸öbyteÖĐbitÎŞ1µÄ¸öĘý
 181          unsigned char calc_1_nr(unsigned char dat)
 182          {
 183   1        unsigned char code _table[] = {0,1,1,2,1,2,2,3,1,2,2,3,2,3,3,4};
 184   1        return _table[dat&0xf]+_table[dat>>4];
 185   1      }
 186          //
 187          //ĽĆËăŇ»¸öbyteÖĐµÚŇ»¸öÎŞ1µÄÎ»ÖĂ
 188          unsigned char calc_1_ps(unsigned short dat)
 189          {
 190   1        unsigned char code _table[] = {0,1,2,1,3,1,2,1,4,1,2,1,3,1,2,1};
 191   1        if (dat & 0xff) {
 192   2          if(dat & 0xf) {
 193   3            return _table[dat&0xf];   
 194   3          }else {
 195   3            return _table[dat>>4]+4;    
 196   3          }
 197   2        }else if (dat & 0xff00) {
 198   2          dat >>= 8;
 199   2          if(dat & 0xf) {
 200   3            return _table[dat&0xf] + 8;   
 201   3          }else {
 202   3            return _table[dat>>4]+4 + 8;    
 203   3          }
 204   2        }
 205   1      
 206   1        return 0;
 207   1      }
 208          
 209          
 210          
 211          
 212          ////////////////////////////////////////////////////////////////
 213          //#define MS_DLY  1420    //bk2433, bk2533
 214          //#define MS_DLY  960       //bk2535
 215          #define MS_DLY  965       //bk2535
 216          void delay_ms(unsigned int ms)
 217          {
 218   1          unsigned int i, j;
 219   1          
 220   1          for(i=0; i<ms; i++) {
 221   2      #if SYS_CLOCK==16000000ul
 222   2              for(j=0; j<MS_DLY; j++) {   //2535
 223   3                  _nop_();
 224   3              }
 225   2      #elif SYS_CLOCK==8000000ul
                      for(j=0; j<MS_DLY/2; j++) {
                          _nop_();
                      }
              #elif SYS_CLOCK==4000000ul
                      for(j=0; j<MS_DLY/4; j++) {
                          _nop_();
                      }
              #elif SYS_CLOCK==2000000ul
                      for(j=0; j<MS_DLY/8; j++) {
                          _nop_();
                      }
              #endif
 238   2          }
 239   1      }
 240          
C51 COMPILER V9.01   UTILS                                                                 04/09/2020 16:23:06 PAGE 5   

 241          
 242          ////////////////////////////////////////////////////////////////
 243          // 100 --> 100us  //bk2433, bk2533
 244          // 100 --> 128us  //bk2535
 245          void __delay_us(unsigned int us)
 246          {
 247   1          unsigned int i;
 248   1          for(i=0; i<us; i++) {
 249   2            _nop_();
 250   2          }
 251   1      }
 252          
 253          /*
 254          void WaitUs(UINT32 us)  
 255          {
 256            UINT16  i;
 257            while (us)
 258            {
 259              for (i = 0; i < 1; ++i);
 260              us--;
 261            }
 262          }
 263          */
 264          
 265          


MODULE INFORMATION:   STATIC OVERLAYABLE
   CODE SIZE        =    252    ----
   CONSTANT SIZE    =     32    ----
   XDATA SIZE       =   ----    ----
   PDATA SIZE       =   ----    ----
   DATA SIZE        =   ----       4
   IDATA SIZE       =   ----    ----
   BIT SIZE         =   ----    ----
END OF MODULE INFORMATION.


C51 COMPILATION COMPLETE.  0 WARNING(S),  0 ERROR(S)
