*** Using Compiler 'V5.06 update 6 (build 750)', folder: 'C:\Users\ThinkPad\AppData\Local\Keil_v5\ARM\ARMCC\Bin'
Rebuild target 'Target1'
assembling vectors.s...
assembling handlers.s...
compiling main.c...
compiling intc.c...
compiling aes.c...
compiling app.c...
compiling flash.c...
compiling user_handle.c...
compiling gpio.c...
compiling spi.c...
compiling rf_xvr_24.c...
..\..\Src\driver\rf\rf_xvr_24.c(322): warning:  #61-D: integer operation result is out of range
      addXVR_Reg0x24 |= (1<<31);
..\..\Src\driver\rf\rf_xvr_24.c(322): warning:  #68-D: integer conversion resulted in a change of sign
      addXVR_Reg0x24 |= (1<<31);
..\..\Src\driver\rf\rf_xvr_24.c(384): warning:  #61-D: integer operation result is out of range
      addXVR_Reg0x24 &= ~(1<<31);
..\..\Src\driver\rf\rf_xvr_24.c: 3 warnings, 0 errors
compiling wdt.c...
compiling uart2.c...
compiling adc.c...
compiling uart.c...
compiling aon_rtc.c...
compiling icu.c...
compiling dma.c...
compiling driver_timer.c...
compiling driver_sensor.c...
compiling i2c.c...
compiling application_main.c...
compiling APPLICATION_MODE_TEST.C...
compiling application_mode_PCBA.c...
compiling application_mode_page.c...
compiling APPLICATION_MODE_NORMAL.c...
compiling application_rf.c...
compiling driver_rf.c...
compiling usb_desc.c...
compiling usbclass.c...
compiling driver_usb.c...
compiling usb.c...
linking...
Program Size: Code=29020 RO-data=680 RW-data=380 ZI-data=37152  
After Build - User command #1: fromelf --bin --output .\output\app\bk3633_app.bin .\obj\bk3633_app.axf
After Build - User command #2: .\output\translate.bat

d:\Projects\mouse\RTX\SDK\projects\RX>.\output\BinConvert  -oad .\output\boot\bk3633_boot.bin  .\output\stack\bk3633_stack.bin  .\output\app\bk3633_app.bin -m 0x7800 -l 0x7900 -v 0x0026 -rom_v 0x0014 -e 00000000 00000000 00000000 00000000 
cmd_bin_oad.stack_file_addr :0x7800
binary version hex:0x26; dec:38

Arm Image Binary will be converted to OAD format binary file.....
cmd_bin_oad.stack_file_addr=7800
boot_bin_len=2fcc
add stack bin start
        Encrypt Seccessfully!
        File Size: 0xfe12

oad_stack_app_bin_len=7f00
oad_app_bin_len=7df0
a7 1b e8 fd 26 00 7c 1f 42 42 42 42 ff ff 14 00 /**< @CREATE_FILE_SUCCESS */
/**< @Download flash file:.\output\app\bk3633_app_merge_crc.bin
/**< @OAD file :.\output\app\bk3633_app_stack_oad.bin,CRC = 0x4424ecc9
/**< @OAD file :.\output\app\bk3633_app_oad.bin,CRC = 0xfde81ba7
/**< @author <gang.cheng@bekencorp.com> */
/**< @version v0.3 */

d:\Projects\mouse\RTX\SDK\projects\RX>del .\output\app\bk3633_app_merge_boot_stack.out 

d:\Projects\mouse\RTX\SDK\projects\RX>del .\output\app\bk3633_app_stack_oad.bin 
".\obj\bk3633_app.axf" - 0 Error(s), 3 Warning(s).
Build Time Elapsed:  00:00:02
